{"numTotalTestSuites":67,"numPassedTestSuites":60,"numFailedTestSuites":7,"numPendingTestSuites":0,"numTotalTests":165,"numPassedTests":163,"numFailedTests":2,"numPendingTests":0,"numTodoTests":0,"snapshot":{"added":0,"failure":false,"filesAdded":0,"filesRemoved":0,"filesRemovedList":[],"filesUnmatched":0,"filesUpdated":0,"matched":0,"total":0,"unchecked":0,"uncheckedKeysByFile":[],"unmatched":0,"updated":0,"didUpdate":false},"startTime":1772050283208,"success":false,"testResults":[{"assertionResults":[{"ancestorTitles":["MasterDataLayout SADA Test"],"fullName":"MasterDataLayout SADA Test captures semantic changes when opening and closing the creation modal","status":"passed","title":"captures semantic changes when opening and closing the creation modal","duration":732.4845,"failureMessages":[],"meta":{}},{"ancestorTitles":["MasterDataLayout SADA Test"],"fullName":"MasterDataLayout SADA Test captures semantic changes when filtering the list","status":"passed","title":"captures semantic changes when filtering the list","duration":262.1120000000001,"failureMessages":[],"meta":{}}],"startTime":1772050285590,"endTime":1772050286585.112,"status":"passed","message":"","name":"C:/Users/shiyo/髢狗匱荳ｭAPP/RePaper Route/src/components/MasterDataLayout.sada.test.tsx"},{"assertionResults":[{"ancestorTitles":["Smoke Test"],"fullName":"Smoke Test should run this test","status":"passed","title":"should run this test","duration":0.6184999999998126,"failureMessages":[],"meta":{}},{"ancestorTitles":["Smoke Test"],"fullName":"Smoke Test should have access to DOM","status":"passed","title":"should have access to DOM","duration":0.4960000000000946,"failureMessages":[],"meta":{}}],"startTime":1772050287250,"endTime":1772050287251.496,"status":"passed","message":"","name":"C:/Users/shiyo/髢狗匱荳ｭAPP/RePaper Route/src/test/smoke.test.ts"},{"assertionResults":[],"startTime":1772050283208,"endTime":1772050283208,"status":"failed","message":"It looks like you're running in a browser-like environment.\n\nThis is disabled by default, as it risks exposing your secret API credentials to attackers.\nIf you understand the risks and have appropriate mitigations in place,\nyou can set the `dangerouslyAllowBrowser` option to `true`, e.g.,\n\nnew OpenAI({ apiKey, dangerouslyAllowBrowser: true });\n\nhttps://help.openai.com/en/articles/5112595-best-practices-for-api-key-safety\n","name":"C:/Users/shiyo/髢狗匱荳ｭAPP/RePaper Route/tests/vlm/boardDrag.spec.ts"},{"assertionResults":[{"ancestorTitles":["BoardCanvas SADA Test"],"fullName":"BoardCanvas SADA Test 繧ｵ繧､繝峨ヰ繝ｼ縺ｮ髢矩哩縺ｫ莨ｴ縺・そ繝槭Φ繝・ぅ繝・け蟾ｮ蛻・ｒ謚ｽ蜃ｺ縺励、I讀懆ｨｼ逕ｨ縺ｮ繝・・繧ｿ繧堤函謌舌☆繧・,"status":"failed","title":"繧ｵ繧､繝峨ヰ繝ｼ縺ｮ髢矩哩縺ｫ莨ｴ縺・そ繝槭Φ繝・ぅ繝・け蟾ｮ蛻・ｒ謚ｽ蜃ｺ縺励、I讀懆ｨｼ逕ｨ縺ｮ繝・・繧ｿ繧堤函謌舌☆繧・,"duration":226.02209999999968,"failureMessages":["TestingLibraryElementError: Unable to find an element with the title: 譛ｪ驟崎ｻ翫Μ繧ｹ繝・\n\nIgnored nodes: comments, script, style\n\u001b[36m<body>\u001b[39m\n  \u001b[36m<div>\u001b[39m\n    \u001b[36m<div\u001b[39m\n      \u001b[33mclass\u001b[39m=\u001b[32m\"h-full flex flex-col items-center justify-center bg-slate-900 gap-4\"\u001b[39m\n    \u001b[36m>\u001b[39m\n      \u001b[36m<svg\u001b[39m\n        \u001b[33mclass\u001b[39m=\u001b[32m\"lucide lucide-refresh-ccw animate-spin text-blue-500\"\u001b[39m\n        \u001b[33mfill\u001b[39m=\u001b[32m\"none\"\u001b[39m\n        \u001b[33mheight\u001b[39m=\u001b[32m\"48\"\u001b[39m\n        \u001b[33mstroke\u001b[39m=\u001b[32m\"currentColor\"\u001b[39m\n        \u001b[33mstroke-linecap\u001b[39m=\u001b[32m\"round\"\u001b[39m\n        \u001b[33mstroke-linejoin\u001b[39m=\u001b[32m\"round\"\u001b[39m\n        \u001b[33mstroke-width\u001b[39m=\u001b[32m\"2\"\u001b[39m\n        \u001b[33mviewBox\u001b[39m=\u001b[32m\"0 0 24 24\"\u001b[39m\n        \u001b[33mwidth\u001b[39m=\u001b[32m\"48\"\u001b[39m\n        \u001b[33mxmlns\u001b[39m=\u001b[32m\"http://www.w3.org/2000/svg\"\u001b[39m\n      \u001b[36m>\u001b[39m\n        \u001b[36m<path\u001b[39m\n          \u001b[33md\u001b[39m=\u001b[32m\"M21 12a9 9 0 0 0-9-9 9.75 9.75 0 0 0-6.74 2.74L3 8\"\u001b[39m\n        \u001b[36m/>\u001b[39m\n        \u001b[36m<path\u001b[39m\n          \u001b[33md\u001b[39m=\u001b[32m\"M3 3v5h5\"\u001b[39m\n        \u001b[36m/>\u001b[39m\n        \u001b[36m<path\u001b[39m\n          \u001b[33md\u001b[39m=\u001b[32m\"M3 12a9 9 0 0 0 9 9 9.75 9.75 0 0 0 6.74-2.74L21 16\"\u001b[39m\n        \u001b[36m/>\u001b[39m\n        \u001b[36m<path\u001b[39m\n          \u001b[33md\u001b[39m=\u001b[32m\"M16 16h5v5\"\u001b[39m\n        \u001b[36m/>\u001b[39m\n      \u001b[36m</svg>\u001b[39m\n      \u001b[36m<p\u001b[39m\n        \u001b[33mclass\u001b[39m=\u001b[32m\"text-slate-400 font-mono text-xs uppercase tracking-widest animate-pulse\"\u001b[39m\n      \u001b[36m>\u001b[39m\n        \u001b[0m隱崎ｨｼ荳ｭ...\u001b[0m\n      \u001b[36m</p>\u001b[39m\n    \u001b[36m</div>\u001b[39m\n  \u001b[36m</div>\u001b[39m\n\u001b[36m</body>\u001b[39m\n    at Object.getElementError (C:\\Users\\shiyo\\髢狗匱荳ｭAPP\\RePaper Route\\node_modules\\@testing-library\\dom\\dist\\config.js:37:19)\n    at C:\\Users\\shiyo\\髢狗匱荳ｭAPP\\RePaper Route\\node_modules\\@testing-library\\dom\\dist\\query-helpers.js:76:38\n    at C:\\Users\\shiyo\\髢狗匱荳ｭAPP\\RePaper Route\\node_modules\\@testing-library\\dom\\dist\\query-helpers.js:52:17\n    at C:\\Users\\shiyo\\髢狗匱荳ｭAPP\\RePaper Route\\node_modules\\@testing-library\\dom\\dist\\query-helpers.js:95:19\n    at C:/Users/shiyo/髢狗匱荳ｭAPP/RePaper Route/src/features/board/BoardCanvas.test.tsx:62:32\n    at file:///C:/Users/shiyo/%E9%96%8B%E7%99%BA%E4%B8%ADAPP/RePaper%20Route/node_modules/@vitest/runner/dist/index.js:145:11\n    at file:///C:/Users/shiyo/%E9%96%8B%E7%99%BA%E4%B8%ADAPP/RePaper%20Route/node_modules/@vitest/runner/dist/index.js:915:26\n    at file:///C:/Users/shiyo/%E9%96%8B%E7%99%BA%E4%B8%ADAPP/RePaper%20Route/node_modules/@vitest/runner/dist/index.js:1243:20\n    at new Promise (<anonymous>)\n    at runWithTimeout (file:///C:/Users/shiyo/%E9%96%8B%E7%99%BA%E4%B8%ADAPP/RePaper%20Route/node_modules/@vitest/runner/dist/index.js:1209:10)"],"meta":{}},{"ancestorTitles":["BoardCanvas SADA Test"],"fullName":"BoardCanvas SADA Test 隱ｭ縺ｿ蜿悶ｊ蟆ら畑繝｢繝ｼ繝会ｼ・ditMode: false・峨〒繧ゅそ繝ｫ繧ｯ繝ｪ繝・け縺ｧ繧ｵ繧､繝峨ヰ繝ｼ縺碁幕縺上％縺ｨ繧堤｢ｺ隱阪☆繧・,"status":"failed","title":"隱ｭ縺ｿ蜿悶ｊ蟆ら畑繝｢繝ｼ繝会ｼ・ditMode: false・峨〒繧ゅそ繝ｫ繧ｯ繝ｪ繝・け縺ｧ繧ｵ繧､繝峨ヰ繝ｼ縺碁幕縺上％縺ｨ繧堤｢ｺ隱阪☆繧・,"duration":16.93170000000009,"failureMessages":["AssertionError: expected 0 to be greater than 0\n    at C:/Users/shiyo/髢狗匱荳ｭAPP/RePaper Route/src/features/board/BoardCanvas.test.tsx:106:30\n    at processTicksAndRejections (node:internal/process/task_queues:103:5)\n    at file:///C:/Users/shiyo/%E9%96%8B%E7%99%BA%E4%B8%ADAPP/RePaper%20Route/node_modules/@vitest/runner/dist/index.js:915:20"],"meta":{}}],"startTime":1772050285772,"endTime":1772050286014.9316,"status":"failed","message":"","name":"C:/Users/shiyo/髢狗匱荳ｭAPP/RePaper Route/src/features/board/BoardCanvas.test.tsx"},{"assertionResults":[{"ancestorTitles":["Manual Injection SADA Test"],"fullName":"Manual Injection SADA Test 譯井ｻｶ縺ｮ謇句虚豕ｨ蜈･繝輔Ο繝ｼ縺ｮ繧ｻ繝槭Φ繝・ぅ繝・け蟾ｮ蛻・ｒ險倬鹸縺吶ｋ","status":"passed","title":"譯井ｻｶ縺ｮ謇句虚豕ｨ蜈･繝輔Ο繝ｼ縺ｮ繧ｻ繝槭Φ繝・ぅ繝・け蟾ｮ蛻・ｒ險倬鹸縺吶ｋ","duration":1868.1728000000003,"failureMessages":[],"meta":{}}],"startTime":1772050285772,"endTime":1772050287640.1729,"status":"passed","message":"","name":"C:/Users/shiyo/髢狗匱荳ｭAPP/RePaper Route/src/features/board/ManualInjectionSADA.test.tsx"},{"assertionResults":[{"ancestorTitles":["DeltaManager & AITestBatcher"],"fullName":"DeltaManager & AITestBatcher creates correct delta when a single node changes in a tree","status":"passed","title":"creates correct delta when a single node changes in a tree","duration":143.36349999999993,"failureMessages":[],"meta":{}},{"ancestorTitles":["DeltaManager & AITestBatcher"],"fullName":"DeltaManager & AITestBatcher generates error diagnostic logic correctly","status":"passed","title":"generates error diagnostic logic correctly","duration":10.7958000000001,"failureMessages":[],"meta":{}}],"startTime":1772050286760,"endTime":1772050286914.796,"status":"passed","message":"","name":"C:/Users/shiyo/髢狗匱荳ｭAPP/RePaper Route/src/test/ai/AITestBatcher.test.tsx"},{"assertionResults":[{"ancestorTitles":["SemanticExtractor Prototype"],"fullName":"SemanticExtractor Prototype extracts basic accessibility semantics correctly","status":"passed","title":"extracts basic accessibility semantics correctly","duration":168.34860000000026,"failureMessages":[],"meta":{}},{"ancestorTitles":["SemanticExtractor Prototype"],"fullName":"SemanticExtractor Prototype changes root hash when child order changes (D&D simulation)","status":"passed","title":"changes root hash when child order changes (D&D simulation)","duration":32.54809999999998,"failureMessages":[],"meta":{}},{"ancestorTitles":["SemanticExtractor Prototype"],"fullName":"SemanticExtractor Prototype ignores empty wrapper divs and prunes tree","status":"passed","title":"ignores empty wrapper divs and prunes tree","duration":16.931099999999788,"failureMessages":[],"meta":{}},{"ancestorTitles":["SemanticExtractor Prototype"],"fullName":"SemanticExtractor Prototype handles pseudo-elements if supported by jsdom/testing-library","status":"passed","title":"handles pseudo-elements if supported by jsdom/testing-library","duration":26.093000000000302,"failureMessages":[],"meta":{}},{"ancestorTitles":["SemanticExtractor Prototype"],"fullName":"SemanticExtractor Prototype retains elements with ID or ARIA relations even if they appear empty (Pruning Protection)","status":"passed","title":"retains elements with ID or ARIA relations even if they appear empty (Pruning Protection)","duration":18.76850000000013,"failureMessages":[],"meta":{}},{"ancestorTitles":["SemanticExtractor Prototype"],"fullName":"SemanticExtractor Prototype extracts extended ARIA states correctly","status":"passed","title":"extracts extended ARIA states correctly","duration":27.834100000000035,"failureMessages":[],"meta":{}}],"startTime":1772050285418,"endTime":1772050285708.834,"status":"passed","message":"","name":"C:/Users/shiyo/髢狗匱荳ｭAPP/RePaper Route/src/test/ai/SemanticExtractor.test.tsx"},{"assertionResults":[],"startTime":1772050283208,"endTime":1772050283208,"status":"failed","message":"Cannot find module './testing/test-buffers'\nRequire stack:\n- C:\\Users\\shiyo\\髢狗匱荳ｭAPP\\RePaper Route\\pg_fix\\node_modules\\pg-protocol\\dist\\inbound-parser.test.js","name":"C:/Users/shiyo/髢狗匱荳ｭAPP/RePaper Route/pg_fix/node_modules/pg-protocol/dist/inbound-parser.test.js"},{"assertionResults":[],"startTime":1772050283208,"endTime":1772050283208,"status":"failed","message":"Cannot find module './testing/buffer-list'\nRequire stack:\n- C:\\Users\\shiyo\\髢狗匱荳ｭAPP\\RePaper Route\\pg_fix\\node_modules\\pg-protocol\\dist\\outbound-serializer.test.js","name":"C:/Users/shiyo/髢狗匱荳ｭAPP/RePaper Route/pg_fix/node_modules/pg-protocol/dist/outbound-serializer.test.js"},{"assertionResults":[{"ancestorTitles":["PgPacketStream"],"fullName":"PgPacketStream receives and parses authenticationOk","status":"passed","title":"receives and parses authenticationOk","duration":3.2934999999999945,"failureMessages":[],"meta":{}},{"ancestorTitles":["PgPacketStream"],"fullName":"PgPacketStream receives and parses authenticationCleartextPassword","status":"passed","title":"receives and parses authenticationCleartextPassword","duration":0.302599999999984,"failureMessages":[],"meta":{}},{"ancestorTitles":["PgPacketStream"],"fullName":"PgPacketStream receives and parses authenticationMD5Password","status":"passed","title":"receives and parses authenticationMD5Password","duration":0.6973000000000411,"failureMessages":[],"meta":{}},{"ancestorTitles":["PgPacketStream"],"fullName":"PgPacketStream receives and parses authenticationSASL","status":"passed","title":"receives and parses authenticationSASL","duration":0.40360000000009677,"failureMessages":[],"meta":{}},{"ancestorTitles":["PgPacketStream"],"fullName":"PgPacketStream receives and parses authenticationSASLContinue","status":"passed","title":"receives and parses authenticationSASLContinue","duration":0.30559999999991305,"failureMessages":[],"meta":{}},{"ancestorTitles":["PgPacketStream"],"fullName":"PgPacketStream receives and parses authenticationSASLContinue","status":"passed","title":"receives and parses authenticationSASLContinue","duration":0.223700000000008,"failureMessages":[],"meta":{}},{"ancestorTitles":["PgPacketStream"],"fullName":"PgPacketStream receives and parses authenticationSASLFinal","status":"passed","title":"receives and parses authenticationSASLFinal","duration":0.20499999999992724,"failureMessages":[],"meta":{}},{"ancestorTitles":["PgPacketStream"],"fullName":"PgPacketStream receives and parses authenticationSASLFinal","status":"passed","title":"receives and parses authenticationSASLFinal","duration":0.24729999999999563,"failureMessages":[],"meta":{}},{"ancestorTitles":["PgPacketStream"],"fullName":"PgPacketStream receives and parses parameterStatus","status":"passed","title":"receives and parses parameterStatus","duration":0.3650000000000091,"failureMessages":[],"meta":{}},{"ancestorTitles":["PgPacketStream"],"fullName":"PgPacketStream receives and parses backendKeyData","status":"passed","title":"receives and parses backendKeyData","duration":0.3869999999999436,"failureMessages":[],"meta":{}},{"ancestorTitles":["PgPacketStream"],"fullName":"PgPacketStream receives and parses readyForQuery","status":"passed","title":"receives and parses readyForQuery","duration":0.1994999999999436,"failureMessages":[],"meta":{}},{"ancestorTitles":["PgPacketStream"],"fullName":"PgPacketStream receives and parses commandComplete","status":"passed","title":"receives and parses commandComplete","duration":0.16599999999993997,"failureMessages":[],"meta":{}},{"ancestorTitles":["PgPacketStream"],"fullName":"PgPacketStream receives and parses notification","status":"passed","title":"receives and parses notification","duration":0.18110000000001492,"failureMessages":[],"meta":{}},{"ancestorTitles":["PgPacketStream"],"fullName":"PgPacketStream receives and parses emptyQuery","status":"passed","title":"receives and parses emptyQuery","duration":0.11160000000018044,"failureMessages":[],"meta":{}},{"ancestorTitles":["PgPacketStream"],"fullName":"PgPacketStream receives and parses noData","status":"passed","title":"receives and parses noData","duration":0.09819999999990614,"failureMessages":[],"meta":{}},{"ancestorTitles":["PgPacketStream","rowDescription messages"],"fullName":"PgPacketStream rowDescription messages receives and parses rowDescription","status":"passed","title":"receives and parses rowDescription","duration":0.19090000000005602,"failureMessages":[],"meta":{}},{"ancestorTitles":["PgPacketStream","rowDescription messages"],"fullName":"PgPacketStream rowDescription messages receives and parses rowDescription","status":"passed","title":"receives and parses rowDescription","duration":0.2017000000000735,"failureMessages":[],"meta":{}},{"ancestorTitles":["PgPacketStream","rowDescription messages"],"fullName":"PgPacketStream rowDescription messages receives and parses rowDescription","status":"passed","title":"receives and parses rowDescription","duration":0.15660000000002583,"failureMessages":[],"meta":{}},{"ancestorTitles":["PgPacketStream","rowDescription messages"],"fullName":"PgPacketStream rowDescription messages receives and parses rowDescription","status":"passed","title":"receives and parses rowDescription","duration":0.17260000000010223,"failureMessages":[],"meta":{}},{"ancestorTitles":["PgPacketStream","parameterDescription messages"],"fullName":"PgPacketStream parameterDescription messages receives and parses parameterDescription","status":"passed","title":"receives and parses parameterDescription","duration":0.21900000000005093,"failureMessages":[],"meta":{}},{"ancestorTitles":["PgPacketStream","parameterDescription messages"],"fullName":"PgPacketStream parameterDescription messages receives and parses parameterDescription","status":"passed","title":"receives and parses parameterDescription","duration":0.11639999999988504,"failureMessages":[],"meta":{}},{"ancestorTitles":["PgPacketStream","parameterDescription messages"],"fullName":"PgPacketStream parameterDescription messages receives and parses parameterDescription","status":"passed","title":"receives and parses parameterDescription","duration":0.14409999999998035,"failureMessages":[],"meta":{}},{"ancestorTitles":["PgPacketStream","parsing rows","parsing empty row"],"fullName":"PgPacketStream parsing rows parsing empty row receives and parses dataRow","status":"passed","title":"receives and parses dataRow","duration":0.2077999999999065,"failureMessages":[],"meta":{}},{"ancestorTitles":["PgPacketStream","parsing rows","parsing data row with fields"],"fullName":"PgPacketStream parsing rows parsing data row with fields receives and parses dataRow","status":"passed","title":"receives and parses dataRow","duration":0.13530000000014297,"failureMessages":[],"meta":{}},{"ancestorTitles":["PgPacketStream","notice message"],"fullName":"PgPacketStream notice message receives and parses notice","status":"passed","title":"receives and parses notice","duration":0.2783999999999196,"failureMessages":[],"meta":{}},{"ancestorTitles":["PgPacketStream"],"fullName":"PgPacketStream receives and parses error","status":"passed","title":"receives and parses error","duration":0.24289999999996326,"failureMessages":[],"meta":{}},{"ancestorTitles":["PgPacketStream","with all the fields"],"fullName":"PgPacketStream with all the fields receives and parses error","status":"passed","title":"receives and parses error","duration":0.251700000000028,"failureMessages":[],"meta":{}},{"ancestorTitles":["PgPacketStream"],"fullName":"PgPacketStream receives and parses parseComplete","status":"passed","title":"receives and parses parseComplete","duration":0.12069999999994252,"failureMessages":[],"meta":{}},{"ancestorTitles":["PgPacketStream"],"fullName":"PgPacketStream receives and parses bindComplete","status":"passed","title":"receives and parses bindComplete","duration":0.12239999999997053,"failureMessages":[],"meta":{}},{"ancestorTitles":["PgPacketStream"],"fullName":"PgPacketStream receives and parses bindComplete","status":"passed","title":"receives and parses bindComplete","duration":0.09569999999985157,"failureMessages":[],"meta":{}},{"ancestorTitles":["PgPacketStream"],"fullName":"PgPacketStream receives and parses closeComplete","status":"passed","title":"receives and parses closeComplete","duration":0.1069999999999709,"failureMessages":[],"meta":{}},{"ancestorTitles":["PgPacketStream","parses portal suspended message"],"fullName":"PgPacketStream parses portal suspended message receives and parses portalSuspended","status":"passed","title":"receives and parses portalSuspended","duration":0.11219999999980246,"failureMessages":[],"meta":{}},{"ancestorTitles":["PgPacketStream","parses replication start message"],"fullName":"PgPacketStream parses replication start message receives and parses replicationStart","status":"passed","title":"receives and parses replicationStart","duration":0.09740000000010696,"failureMessages":[],"meta":{}},{"ancestorTitles":["PgPacketStream","copy"],"fullName":"PgPacketStream copy receives and parses copyInResponse","status":"passed","title":"receives and parses copyInResponse","duration":0.20259999999984757,"failureMessages":[],"meta":{}},{"ancestorTitles":["PgPacketStream","copy"],"fullName":"PgPacketStream copy receives and parses copyInResponse","status":"passed","title":"receives and parses copyInResponse","duration":0.10829999999987194,"failureMessages":[],"meta":{}},{"ancestorTitles":["PgPacketStream","copy"],"fullName":"PgPacketStream copy receives and parses copyOutResponse","status":"passed","title":"receives and parses copyOutResponse","duration":0.11289999999985412,"failureMessages":[],"meta":{}},{"ancestorTitles":["PgPacketStream","copy"],"fullName":"PgPacketStream copy receives and parses copyOutResponse","status":"passed","title":"receives and parses copyOutResponse","duration":0.09930000000008476,"failureMessages":[],"meta":{}},{"ancestorTitles":["PgPacketStream","copy"],"fullName":"PgPacketStream copy receives and parses copyDone","status":"passed","title":"receives and parses copyDone","duration":0.10910000000012587,"failureMessages":[],"meta":{}},{"ancestorTitles":["PgPacketStream","copy"],"fullName":"PgPacketStream copy receives and parses copyData","status":"passed","title":"receives and parses copyData","duration":0.21669999999994616,"failureMessages":[],"meta":{}},{"ancestorTitles":["PgPacketStream","split buffer, single message parsing"],"fullName":"PgPacketStream split buffer, single message parsing parses when full buffer comes in","status":"passed","title":"parses when full buffer comes in","duration":0.27870000000007167,"failureMessages":[],"meta":{}},{"ancestorTitles":["PgPacketStream","split buffer, single message parsing"],"fullName":"PgPacketStream split buffer, single message parsing parses when split in the middle","status":"passed","title":"parses when split in the middle","duration":0.27779999999984284,"failureMessages":[],"meta":{}},{"ancestorTitles":["PgPacketStream","split buffer, single message parsing"],"fullName":"PgPacketStream split buffer, single message parsing parses when split at end","status":"passed","title":"parses when split at end","duration":0.16419999999993706,"failureMessages":[],"meta":{}},{"ancestorTitles":["PgPacketStream","split buffer, single message parsing"],"fullName":"PgPacketStream split buffer, single message parsing parses when split at beginning","status":"passed","title":"parses when split at beginning","duration":0.26860000000010587,"failureMessages":[],"meta":{}},{"ancestorTitles":["PgPacketStream","split buffer, multiple message parsing"],"fullName":"PgPacketStream split buffer, multiple message parsing receives both messages when packet is not split","status":"passed","title":"receives both messages when packet is not split","duration":0.32529999999997017,"failureMessages":[],"meta":{}},{"ancestorTitles":["PgPacketStream","split buffer, multiple message parsing","receives both messages when packet is split"],"fullName":"PgPacketStream split buffer, multiple message parsing receives both messages when packet is split in the middle","status":"passed","title":"in the middle","duration":0.21039999999993597,"failureMessages":[],"meta":{}},{"ancestorTitles":["PgPacketStream","split buffer, multiple message parsing","receives both messages when packet is split"],"fullName":"PgPacketStream split buffer, multiple message parsing receives both messages when packet is split at the front","status":"passed","title":"at the front","duration":0.3023000000000593,"failureMessages":[],"meta":{}},{"ancestorTitles":["PgPacketStream","split buffer, multiple message parsing","receives both messages when packet is split"],"fullName":"PgPacketStream split buffer, multiple message parsing receives both messages when packet is split at the end","status":"passed","title":"at the end","duration":0.24680000000012114,"failureMessages":[],"meta":{}},{"ancestorTitles":["PgPacketStream"],"fullName":"PgPacketStream cleans up the reader after handling a packet","status":"passed","title":"cleans up the reader after handling a packet","duration":0.09709999999995489,"failureMessages":[],"meta":{}}],"startTime":1772050286763,"endTime":1772050286777.2468,"status":"passed","message":"","name":"C:/Users/shiyo/髢狗匱荳ｭAPP/RePaper Route/pg_fix/node_modules/pg-protocol/src/inbound-parser.test.ts"},{"assertionResults":[{"ancestorTitles":["serializer"],"fullName":"serializer builds startup message","status":"passed","title":"builds startup message","duration":1.099100000000135,"failureMessages":[],"meta":{}},{"ancestorTitles":["serializer"],"fullName":"serializer builds password message","status":"passed","title":"builds password message","duration":0.14560000000005857,"failureMessages":[],"meta":{}},{"ancestorTitles":["serializer"],"fullName":"serializer builds request ssl message","status":"passed","title":"builds request ssl message","duration":0.09619999999995343,"failureMessages":[],"meta":{}},{"ancestorTitles":["serializer"],"fullName":"serializer builds SASLInitialResponseMessage message","status":"passed","title":"builds SASLInitialResponseMessage message","duration":0.1796999999999116,"failureMessages":[],"meta":{}},{"ancestorTitles":["serializer"],"fullName":"serializer builds SCRAMClientFinalMessage message","status":"passed","title":"builds SCRAMClientFinalMessage message","duration":0.10419999999999163,"failureMessages":[],"meta":{}},{"ancestorTitles":["serializer"],"fullName":"serializer builds query message","status":"passed","title":"builds query message","duration":0.08519999999998618,"failureMessages":[],"meta":{}},{"ancestorTitles":["serializer","parse message"],"fullName":"serializer parse message builds parse message","status":"passed","title":"builds parse message","duration":0.1332999999999629,"failureMessages":[],"meta":{}},{"ancestorTitles":["serializer","parse message"],"fullName":"serializer parse message builds parse message with named query","status":"passed","title":"builds parse message with named query","duration":0.10540000000014516,"failureMessages":[],"meta":{}},{"ancestorTitles":["serializer","parse message"],"fullName":"serializer parse message with multiple parameters","status":"passed","title":"with multiple parameters","duration":0.10079999999993561,"failureMessages":[],"meta":{}},{"ancestorTitles":["serializer","bind messages"],"fullName":"serializer bind messages with no values","status":"passed","title":"with no values","duration":0.1773000000000593,"failureMessages":[],"meta":{}},{"ancestorTitles":["serializer","bind messages"],"fullName":"serializer bind messages with named statement, portal, and values","status":"passed","title":"with named statement, portal, and values","duration":0.15020000000004075,"failureMessages":[],"meta":{}},{"ancestorTitles":["serializer"],"fullName":"serializer with custom valueMapper","status":"passed","title":"with custom valueMapper","duration":0.11550000000011096,"failureMessages":[],"meta":{}},{"ancestorTitles":["serializer"],"fullName":"serializer with named statement, portal, and buffer value","status":"passed","title":"with named statement, portal, and buffer value","duration":0.10550000000012005,"failureMessages":[],"meta":{}},{"ancestorTitles":["serializer","builds execute message"],"fullName":"serializer builds execute message for unamed portal with no row limit","status":"passed","title":"for unamed portal with no row limit","duration":0.08009999999990214,"failureMessages":[],"meta":{}},{"ancestorTitles":["serializer","builds execute message"],"fullName":"serializer builds execute message for named portal with row limit","status":"passed","title":"for named portal with row limit","duration":0.06179999999994834,"failureMessages":[],"meta":{}},{"ancestorTitles":["serializer"],"fullName":"serializer builds flush command","status":"passed","title":"builds flush command","duration":0.04580000000009932,"failureMessages":[],"meta":{}},{"ancestorTitles":["serializer"],"fullName":"serializer builds sync command","status":"passed","title":"builds sync command","duration":0.040199999999913416,"failureMessages":[],"meta":{}},{"ancestorTitles":["serializer"],"fullName":"serializer builds end command","status":"passed","title":"builds end command","duration":0.03600000000005821,"failureMessages":[],"meta":{}},{"ancestorTitles":["serializer","builds describe command"],"fullName":"serializer builds describe command describe statement","status":"passed","title":"describe statement","duration":0.09639999999990323,"failureMessages":[],"meta":{}},{"ancestorTitles":["serializer","builds describe command"],"fullName":"serializer builds describe command describe unnamed portal","status":"passed","title":"describe unnamed portal","duration":0.055399999999963256,"failureMessages":[],"meta":{}},{"ancestorTitles":["serializer","builds close command"],"fullName":"serializer builds close command describe statement","status":"passed","title":"describe statement","duration":0.06690000000003238,"failureMessages":[],"meta":{}},{"ancestorTitles":["serializer","builds close command"],"fullName":"serializer builds close command describe unnamed portal","status":"passed","title":"describe unnamed portal","duration":0.04949999999985266,"failureMessages":[],"meta":{}},{"ancestorTitles":["serializer","copy messages"],"fullName":"serializer copy messages builds copyFromChunk","status":"passed","title":"builds copyFromChunk","duration":0.05960000000004584,"failureMessages":[],"meta":{}},{"ancestorTitles":["serializer","copy messages"],"fullName":"serializer copy messages builds copy fail","status":"passed","title":"builds copy fail","duration":0.04909999999995307,"failureMessages":[],"meta":{}},{"ancestorTitles":["serializer","copy messages"],"fullName":"serializer copy messages builds copy done","status":"passed","title":"builds copy done","duration":0.059099999999943975,"failureMessages":[],"meta":{}},{"ancestorTitles":["serializer"],"fullName":"serializer builds cancel message","status":"passed","title":"builds cancel message","duration":0.09999999999990905,"failureMessages":[],"meta":{}}],"startTime":1772050287112,"endTime":1772050287116.1,"status":"passed","message":"","name":"C:/Users/shiyo/髢狗匱荳ｭAPP/RePaper Route/pg_fix/node_modules/pg-protocol/src/outbound-serializer.test.ts"},{"assertionResults":[{"ancestorTitles":["MasterDriverList SADA Verification"],"fullName":"MasterDriverList SADA Verification should reflect correct semantic status (Active/Inactive) from data","status":"passed","title":"should reflect correct semantic status (Active/Inactive) from data","duration":535.3729999999996,"failureMessages":[],"meta":{}}],"startTime":1772050285590,"endTime":1772050286125.373,"status":"passed","message":"","name":"C:/Users/shiyo/髢狗匱荳ｭAPP/RePaper Route/src/features/admin/__tests__/MasterDriverList.sada.test.tsx"},{"assertionResults":[{"ancestorTitles":["MasterPointList SADA Test"],"fullName":"MasterPointList SADA Test 螟牙援蜻ｨ譛滂ｼ育ｬｬN譖懈律・峨・蜈･蜉帙→繝舌ャ繧ｸ繝ｬ繝ｳ繝繝ｪ繝ｳ繧ｰ繧呈､懆ｨｼ縺吶ｋ","status":"passed","title":"螟牙援蜻ｨ譛滂ｼ育ｬｬN譖懈律・峨・蜈･蜉帙→繝舌ャ繧ｸ繝ｬ繝ｳ繝繝ｪ繝ｳ繧ｰ繧呈､懆ｨｼ縺吶ｋ","duration":1362.9696,"failureMessages":[],"meta":{}}],"startTime":1772050285602,"endTime":1772050286964.9695,"status":"passed","message":"","name":"C:/Users/shiyo/髢狗匱荳ｭAPP/RePaper Route/src/features/admin/__tests__/MasterPointList.sada.test.tsx"},{"assertionResults":[],"startTime":1772050283208,"endTime":1772050283208,"status":"failed","message":"Cannot find module './testing/test-buffers'\nRequire stack:\n- C:\\Users\\shiyo\\髢狗匱荳ｭAPP\\RePaper Route\\temp_pg\\node_modules\\pg-protocol\\dist\\inbound-parser.test.js","name":"C:/Users/shiyo/髢狗匱荳ｭAPP/RePaper Route/temp_pg/node_modules/pg-protocol/dist/inbound-parser.test.js"},{"assertionResults":[],"startTime":1772050283208,"endTime":1772050283208,"status":"failed","message":"Cannot find module './testing/buffer-list'\nRequire stack:\n- C:\\Users\\shiyo\\髢狗匱荳ｭAPP\\RePaper Route\\temp_pg\\node_modules\\pg-protocol\\dist\\outbound-serializer.test.js","name":"C:/Users/shiyo/髢狗匱荳ｭAPP/RePaper Route/temp_pg/node_modules/pg-protocol/dist/outbound-serializer.test.js"},{"assertionResults":[{"ancestorTitles":["PgPacketStream"],"fullName":"PgPacketStream receives and parses authenticationOk","status":"passed","title":"receives and parses authenticationOk","duration":3.031099999999924,"failureMessages":[],"meta":{}},{"ancestorTitles":["PgPacketStream"],"fullName":"PgPacketStream receives and parses authenticationCleartextPassword","status":"passed","title":"receives and parses authenticationCleartextPassword","duration":0.30950000000007094,"failureMessages":[],"meta":{}},{"ancestorTitles":["PgPacketStream"],"fullName":"PgPacketStream receives and parses authenticationMD5Password","status":"passed","title":"receives and parses authenticationMD5Password","duration":0.5247999999999138,"failureMessages":[],"meta":{}},{"ancestorTitles":["PgPacketStream"],"fullName":"PgPacketStream receives and parses authenticationSASL","status":"passed","title":"receives and parses authenticationSASL","duration":0.3769999999999527,"failureMessages":[],"meta":{}},{"ancestorTitles":["PgPacketStream"],"fullName":"PgPacketStream receives and parses authenticationSASLContinue","status":"passed","title":"receives and parses authenticationSASLContinue","duration":0.25240000000007967,"failureMessages":[],"meta":{}},{"ancestorTitles":["PgPacketStream"],"fullName":"PgPacketStream receives and parses authenticationSASLContinue","status":"passed","title":"receives and parses authenticationSASLContinue","duration":0.18479999999999563,"failureMessages":[],"meta":{}},{"ancestorTitles":["PgPacketStream"],"fullName":"PgPacketStream receives and parses authenticationSASLFinal","status":"passed","title":"receives and parses authenticationSASLFinal","duration":0.20700000000010732,"failureMessages":[],"meta":{}},{"ancestorTitles":["PgPacketStream"],"fullName":"PgPacketStream receives and parses authenticationSASLFinal","status":"passed","title":"receives and parses authenticationSASLFinal","duration":0.21520000000009532,"failureMessages":[],"meta":{}},{"ancestorTitles":["PgPacketStream"],"fullName":"PgPacketStream receives and parses parameterStatus","status":"passed","title":"receives and parses parameterStatus","duration":0.42250000000012733,"failureMessages":[],"meta":{}},{"ancestorTitles":["PgPacketStream"],"fullName":"PgPacketStream receives and parses backendKeyData","status":"passed","title":"receives and parses backendKeyData","duration":0.31510000000002947,"failureMessages":[],"meta":{}},{"ancestorTitles":["PgPacketStream"],"fullName":"PgPacketStream receives and parses readyForQuery","status":"passed","title":"receives and parses readyForQuery","duration":0.13380000000006476,"failureMessages":[],"meta":{}},{"ancestorTitles":["PgPacketStream"],"fullName":"PgPacketStream receives and parses commandComplete","status":"passed","title":"receives and parses commandComplete","duration":0.1193999999998141,"failureMessages":[],"meta":{}},{"ancestorTitles":["PgPacketStream"],"fullName":"PgPacketStream receives and parses notification","status":"passed","title":"receives and parses notification","duration":0.151299999999992,"failureMessages":[],"meta":{}},{"ancestorTitles":["PgPacketStream"],"fullName":"PgPacketStream receives and parses emptyQuery","status":"passed","title":"receives and parses emptyQuery","duration":0.1066000000000713,"failureMessages":[],"meta":{}},{"ancestorTitles":["PgPacketStream"],"fullName":"PgPacketStream receives and parses noData","status":"passed","title":"receives and parses noData","duration":0.0988999999999578,"failureMessages":[],"meta":{}},{"ancestorTitles":["PgPacketStream","rowDescription messages"],"fullName":"PgPacketStream rowDescription messages receives and parses rowDescription","status":"passed","title":"receives and parses rowDescription","duration":0.1694999999999709,"failureMessages":[],"meta":{}},{"ancestorTitles":["PgPacketStream","rowDescription messages"],"fullName":"PgPacketStream rowDescription messages receives and parses rowDescription","status":"passed","title":"receives and parses rowDescription","duration":0.2438999999999396,"failureMessages":[],"meta":{}},{"ancestorTitles":["PgPacketStream","rowDescription messages"],"fullName":"PgPacketStream rowDescription messages receives and parses rowDescription","status":"passed","title":"receives and parses rowDescription","duration":0.1372999999998683,"failureMessages":[],"meta":{}},{"ancestorTitles":["PgPacketStream","rowDescription messages"],"fullName":"PgPacketStream rowDescription messages receives and parses rowDescription","status":"passed","title":"receives and parses rowDescription","duration":0.1430000000000291,"failureMessages":[],"meta":{}},{"ancestorTitles":["PgPacketStream","parameterDescription messages"],"fullName":"PgPacketStream parameterDescription messages receives and parses parameterDescription","status":"passed","title":"receives and parses parameterDescription","duration":0.19450000000006185,"failureMessages":[],"meta":{}},{"ancestorTitles":["PgPacketStream","parameterDescription messages"],"fullName":"PgPacketStream parameterDescription messages receives and parses parameterDescription","status":"passed","title":"receives and parses parameterDescription","duration":0.10739999999987049,"failureMessages":[],"meta":{}},{"ancestorTitles":["PgPacketStream","parameterDescription messages"],"fullName":"PgPacketStream parameterDescription messages receives and parses parameterDescription","status":"passed","title":"receives and parses parameterDescription","duration":0.11040000000002692,"failureMessages":[],"meta":{}},{"ancestorTitles":["PgPacketStream","parsing rows","parsing empty row"],"fullName":"PgPacketStream parsing rows parsing empty row receives and parses dataRow","status":"passed","title":"receives and parses dataRow","duration":0.18909999999982574,"failureMessages":[],"meta":{}},{"ancestorTitles":["PgPacketStream","parsing rows","parsing data row with fields"],"fullName":"PgPacketStream parsing rows parsing data row with fields receives and parses dataRow","status":"passed","title":"receives and parses dataRow","duration":0.11980000000016844,"failureMessages":[],"meta":{}},{"ancestorTitles":["PgPacketStream","notice message"],"fullName":"PgPacketStream notice message receives and parses notice","status":"passed","title":"receives and parses notice","duration":0.2825000000000273,"failureMessages":[],"meta":{}},{"ancestorTitles":["PgPacketStream"],"fullName":"PgPacketStream receives and parses error","status":"passed","title":"receives and parses error","duration":0.2116000000000895,"failureMessages":[],"meta":{}},{"ancestorTitles":["PgPacketStream","with all the fields"],"fullName":"PgPacketStream with all the fields receives and parses error","status":"passed","title":"receives and parses error","duration":0.18219999999996617,"failureMessages":[],"meta":{}},{"ancestorTitles":["PgPacketStream"],"fullName":"PgPacketStream receives and parses parseComplete","status":"passed","title":"receives and parses parseComplete","duration":0.13190000000008695,"failureMessages":[],"meta":{}},{"ancestorTitles":["PgPacketStream"],"fullName":"PgPacketStream receives and parses bindComplete","status":"passed","title":"receives and parses bindComplete","duration":0.1430000000000291,"failureMessages":[],"meta":{}},{"ancestorTitles":["PgPacketStream"],"fullName":"PgPacketStream receives and parses bindComplete","status":"passed","title":"receives and parses bindComplete","duration":0.1010999999998603,"failureMessages":[],"meta":{}},{"ancestorTitles":["PgPacketStream"],"fullName":"PgPacketStream receives and parses closeComplete","status":"passed","title":"receives and parses closeComplete","duration":0.12580000000002656,"failureMessages":[],"meta":{}},{"ancestorTitles":["PgPacketStream","parses portal suspended message"],"fullName":"PgPacketStream parses portal suspended message receives and parses portalSuspended","status":"passed","title":"receives and parses portalSuspended","duration":0.11619999999993524,"failureMessages":[],"meta":{}},{"ancestorTitles":["PgPacketStream","parses replication start message"],"fullName":"PgPacketStream parses replication start message receives and parses replicationStart","status":"passed","title":"receives and parses replicationStart","duration":0.11469999999985703,"failureMessages":[],"meta":{}},{"ancestorTitles":["PgPacketStream","copy"],"fullName":"PgPacketStream copy receives and parses copyInResponse","status":"passed","title":"receives and parses copyInResponse","duration":0.21829999999999927,"failureMessages":[],"meta":{}},{"ancestorTitles":["PgPacketStream","copy"],"fullName":"PgPacketStream copy receives and parses copyInResponse","status":"passed","title":"receives and parses copyInResponse","duration":0.10969999999997526,"failureMessages":[],"meta":{}},{"ancestorTitles":["PgPacketStream","copy"],"fullName":"PgPacketStream copy receives and parses copyOutResponse","status":"passed","title":"receives and parses copyOutResponse","duration":0.1229000000000724,"failureMessages":[],"meta":{}},{"ancestorTitles":["PgPacketStream","copy"],"fullName":"PgPacketStream copy receives and parses copyOutResponse","status":"passed","title":"receives and parses copyOutResponse","duration":0.10080000000016298,"failureMessages":[],"meta":{}},{"ancestorTitles":["PgPacketStream","copy"],"fullName":"PgPacketStream copy receives and parses copyDone","status":"passed","title":"receives and parses copyDone","duration":0.11019999999984975,"failureMessages":[],"meta":{}},{"ancestorTitles":["PgPacketStream","copy"],"fullName":"PgPacketStream copy receives and parses copyData","status":"passed","title":"receives and parses copyData","duration":0.1934000000001106,"failureMessages":[],"meta":{}},{"ancestorTitles":["PgPacketStream","split buffer, single message parsing"],"fullName":"PgPacketStream split buffer, single message parsing parses when full buffer comes in","status":"passed","title":"parses when full buffer comes in","duration":0.21299999999996544,"failureMessages":[],"meta":{}},{"ancestorTitles":["PgPacketStream","split buffer, single message parsing"],"fullName":"PgPacketStream split buffer, single message parsing parses when split in the middle","status":"passed","title":"parses when split in the middle","duration":0.268100000000004,"failureMessages":[],"meta":{}},{"ancestorTitles":["PgPacketStream","split buffer, single message parsing"],"fullName":"PgPacketStream split buffer, single message parsing parses when split at end","status":"passed","title":"parses when split at end","duration":0.15250000000014552,"failureMessages":[],"meta":{}},{"ancestorTitles":["PgPacketStream","split buffer, single message parsing"],"fullName":"PgPacketStream split buffer, single message parsing parses when split at beginning","status":"passed","title":"parses when split at beginning","duration":0.2316000000000713,"failureMessages":[],"meta":{}},{"ancestorTitles":["PgPacketStream","split buffer, multiple message parsing"],"fullName":"PgPacketStream split buffer, multiple message parsing receives both messages when packet is not split","status":"passed","title":"receives both messages when packet is not split","duration":0.40850000000000364,"failureMessages":[],"meta":{}},{"ancestorTitles":["PgPacketStream","split buffer, multiple message parsing","receives both messages when packet is split"],"fullName":"PgPacketStream split buffer, multiple message parsing receives both messages when packet is split in the middle","status":"passed","title":"in the middle","duration":0.21029999999996107,"failureMessages":[],"meta":{}},{"ancestorTitles":["PgPacketStream","split buffer, multiple message parsing","receives both messages when packet is split"],"fullName":"PgPacketStream split buffer, multiple message parsing receives both messages when packet is split at the front","status":"passed","title":"at the front","duration":0.338799999999992,"failureMessages":[],"meta":{}},{"ancestorTitles":["PgPacketStream","split buffer, multiple message parsing","receives both messages when packet is split"],"fullName":"PgPacketStream split buffer, multiple message parsing receives both messages when packet is split at the end","status":"passed","title":"at the end","duration":0.2158999999999196,"failureMessages":[],"meta":{}},{"ancestorTitles":["PgPacketStream"],"fullName":"PgPacketStream cleans up the reader after handling a packet","status":"passed","title":"cleans up the reader after handling a packet","duration":0.07769999999982247,"failureMessages":[],"meta":{}}],"startTime":1772050286770,"endTime":1772050286783.2158,"status":"passed","message":"","name":"C:/Users/shiyo/髢狗匱荳ｭAPP/RePaper Route/temp_pg/node_modules/pg-protocol/src/inbound-parser.test.ts"},{"assertionResults":[{"ancestorTitles":["serializer"],"fullName":"serializer builds startup message","status":"passed","title":"builds startup message","duration":1.830699999999979,"failureMessages":[],"meta":{}},{"ancestorTitles":["serializer"],"fullName":"serializer builds password message","status":"passed","title":"builds password message","duration":0.2499000000000251,"failureMessages":[],"meta":{}},{"ancestorTitles":["serializer"],"fullName":"serializer builds request ssl message","status":"passed","title":"builds request ssl message","duration":0.19610000000011496,"failureMessages":[],"meta":{}},{"ancestorTitles":["serializer"],"fullName":"serializer builds SASLInitialResponseMessage message","status":"passed","title":"builds SASLInitialResponseMessage message","duration":0.23690000000010514,"failureMessages":[],"meta":{}},{"ancestorTitles":["serializer"],"fullName":"serializer builds SCRAMClientFinalMessage message","status":"passed","title":"builds SCRAMClientFinalMessage message","duration":0.1595999999999549,"failureMessages":[],"meta":{}},{"ancestorTitles":["serializer"],"fullName":"serializer builds query message","status":"passed","title":"builds query message","duration":0.14769999999998618,"failureMessages":[],"meta":{}},{"ancestorTitles":["serializer","parse message"],"fullName":"serializer parse message builds parse message","status":"passed","title":"builds parse message","duration":0.23420000000010077,"failureMessages":[],"meta":{}},{"ancestorTitles":["serializer","parse message"],"fullName":"serializer parse message builds parse message with named query","status":"passed","title":"builds parse message with named query","duration":0.1893000000000029,"failureMessages":[],"meta":{}},{"ancestorTitles":["serializer","parse message"],"fullName":"serializer parse message with multiple parameters","status":"passed","title":"with multiple parameters","duration":0.19920000000001892,"failureMessages":[],"meta":{}},{"ancestorTitles":["serializer","bind messages"],"fullName":"serializer bind messages with no values","status":"passed","title":"with no values","duration":0.26749999999992724,"failureMessages":[],"meta":{}},{"ancestorTitles":["serializer","bind messages"],"fullName":"serializer bind messages with named statement, portal, and values","status":"passed","title":"with named statement, portal, and values","duration":0.21460000000001855,"failureMessages":[],"meta":{}},{"ancestorTitles":["serializer"],"fullName":"serializer with custom valueMapper","status":"passed","title":"with custom valueMapper","duration":0.17589999999995598,"failureMessages":[],"meta":{}},{"ancestorTitles":["serializer"],"fullName":"serializer with named statement, portal, and buffer value","status":"passed","title":"with named statement, portal, and buffer value","duration":0.18319999999994252,"failureMessages":[],"meta":{}},{"ancestorTitles":["serializer","builds execute message"],"fullName":"serializer builds execute message for unamed portal with no row limit","status":"passed","title":"for unamed portal with no row limit","duration":0.13170000000013715,"failureMessages":[],"meta":{}},{"ancestorTitles":["serializer","builds execute message"],"fullName":"serializer builds execute message for named portal with row limit","status":"passed","title":"for named portal with row limit","duration":0.11779999999998836,"failureMessages":[],"meta":{}},{"ancestorTitles":["serializer"],"fullName":"serializer builds flush command","status":"passed","title":"builds flush command","duration":0.10840000000007421,"failureMessages":[],"meta":{}},{"ancestorTitles":["serializer"],"fullName":"serializer builds sync command","status":"passed","title":"builds sync command","duration":0.09530000000017935,"failureMessages":[],"meta":{}},{"ancestorTitles":["serializer"],"fullName":"serializer builds end command","status":"passed","title":"builds end command","duration":0.07619999999997162,"failureMessages":[],"meta":{}},{"ancestorTitles":["serializer","builds describe command"],"fullName":"serializer builds describe command describe statement","status":"passed","title":"describe statement","duration":0.16800000000012005,"failureMessages":[],"meta":{}},{"ancestorTitles":["serializer","builds describe command"],"fullName":"serializer builds describe command describe unnamed portal","status":"passed","title":"describe unnamed portal","duration":0.09519999999997708,"failureMessages":[],"meta":{}},{"ancestorTitles":["serializer","builds close command"],"fullName":"serializer builds close command describe statement","status":"passed","title":"describe statement","duration":0.10630000000014661,"failureMessages":[],"meta":{}},{"ancestorTitles":["serializer","builds close command"],"fullName":"serializer builds close command describe unnamed portal","status":"passed","title":"describe unnamed portal","duration":0.08759999999983847,"failureMessages":[],"meta":{}},{"ancestorTitles":["serializer","copy messages"],"fullName":"serializer copy messages builds copyFromChunk","status":"passed","title":"builds copyFromChunk","duration":0.11399999999980537,"failureMessages":[],"meta":{}},{"ancestorTitles":["serializer","copy messages"],"fullName":"serializer copy messages builds copy fail","status":"passed","title":"builds copy fail","duration":0.09400000000005093,"failureMessages":[],"meta":{}},{"ancestorTitles":["serializer","copy messages"],"fullName":"serializer copy messages builds copy done","status":"passed","title":"builds copy done","duration":0.11000000000012733,"failureMessages":[],"meta":{}},{"ancestorTitles":["serializer"],"fullName":"serializer builds cancel message","status":"passed","title":"builds cancel message","duration":0.13069999999993342,"failureMessages":[],"meta":{}}],"startTime":1772050286761,"endTime":1772050286767.1306,"status":"passed","message":"","name":"C:/Users/shiyo/髢狗匱荳ｭAPP/RePaper Route/temp_pg/node_modules/pg-protocol/src/outbound-serializer.test.ts"}]}
