{"numTotalTestSuites":2,"numPassedTestSuites":0,"numFailedTestSuites":2,"numPendingTestSuites":0,"numTotalTests":2,"numPassedTests":0,"numFailedTests":2,"numPendingTests":0,"numTodoTests":0,"snapshot":{"added":0,"failure":false,"filesAdded":0,"filesRemoved":0,"filesRemovedList":[],"filesUnmatched":0,"filesUpdated":0,"matched":0,"total":0,"unchecked":0,"uncheckedKeysByFile":[],"unmatched":0,"updated":0,"didUpdate":false},"startTime":1772050452945,"success":false,"testResults":[{"assertionResults":[{"ancestorTitles":["BoardCanvas SADA Test"],"fullName":"BoardCanvas SADA Test 繧ｵ繧､繝峨ヰ繝ｼ縺ｮ髢矩哩縺ｫ莨ｴ縺・そ繝槭Φ繝・ぅ繝・け蟾ｮ蛻・ｒ謚ｽ蜃ｺ縺励、I讀懆ｨｼ逕ｨ縺ｮ繝・・繧ｿ繧堤函謌舌☆繧・,"status":"failed","title":"繧ｵ繧､繝峨ヰ繝ｼ縺ｮ髢矩哩縺ｫ莨ｴ縺・そ繝槭Φ繝・ぅ繝・け蟾ｮ蛻・ｒ謚ｽ蜃ｺ縺励、I讀懆ｨｼ逕ｨ縺ｮ繝・・繧ｿ繧堤函謌舌☆繧・,"duration":97.20620000000008,"failureMessages":["TestingLibraryElementError: Unable to find an element with the title: 譛ｪ驟崎ｻ翫Μ繧ｹ繝・\n\nIgnored nodes: comments, script, style\n\u001b[36m<body>\u001b[39m\n  \u001b[36m<div>\u001b[39m\n    \u001b[36m<div\u001b[39m\n      \u001b[33mclass\u001b[39m=\u001b[32m\"h-full flex flex-col items-center justify-center bg-slate-900 gap-4\"\u001b[39m\n    \u001b[36m>\u001b[39m\n      \u001b[36m<svg\u001b[39m\n        \u001b[33mclass\u001b[39m=\u001b[32m\"lucide lucide-refresh-ccw animate-spin text-blue-500\"\u001b[39m\n        \u001b[33mfill\u001b[39m=\u001b[32m\"none\"\u001b[39m\n        \u001b[33mheight\u001b[39m=\u001b[32m\"48\"\u001b[39m\n        \u001b[33mstroke\u001b[39m=\u001b[32m\"currentColor\"\u001b[39m\n        \u001b[33mstroke-linecap\u001b[39m=\u001b[32m\"round\"\u001b[39m\n        \u001b[33mstroke-linejoin\u001b[39m=\u001b[32m\"round\"\u001b[39m\n        \u001b[33mstroke-width\u001b[39m=\u001b[32m\"2\"\u001b[39m\n        \u001b[33mviewBox\u001b[39m=\u001b[32m\"0 0 24 24\"\u001b[39m\n        \u001b[33mwidth\u001b[39m=\u001b[32m\"48\"\u001b[39m\n        \u001b[33mxmlns\u001b[39m=\u001b[32m\"http://www.w3.org/2000/svg\"\u001b[39m\n      \u001b[36m>\u001b[39m\n        \u001b[36m<path\u001b[39m\n          \u001b[33md\u001b[39m=\u001b[32m\"M21 12a9 9 0 0 0-9-9 9.75 9.75 0 0 0-6.74 2.74L3 8\"\u001b[39m\n        \u001b[36m/>\u001b[39m\n        \u001b[36m<path\u001b[39m\n          \u001b[33md\u001b[39m=\u001b[32m\"M3 3v5h5\"\u001b[39m\n        \u001b[36m/>\u001b[39m\n        \u001b[36m<path\u001b[39m\n          \u001b[33md\u001b[39m=\u001b[32m\"M3 12a9 9 0 0 0 9 9 9.75 9.75 0 0 0 6.74-2.74L21 16\"\u001b[39m\n        \u001b[36m/>\u001b[39m\n        \u001b[36m<path\u001b[39m\n          \u001b[33md\u001b[39m=\u001b[32m\"M16 16h5v5\"\u001b[39m\n        \u001b[36m/>\u001b[39m\n      \u001b[36m</svg>\u001b[39m\n      \u001b[36m<p\u001b[39m\n        \u001b[33mclass\u001b[39m=\u001b[32m\"text-slate-400 font-mono text-xs uppercase tracking-widest animate-pulse\"\u001b[39m\n      \u001b[36m>\u001b[39m\n        \u001b[0m隱崎ｨｼ荳ｭ...\u001b[0m\n      \u001b[36m</p>\u001b[39m\n    \u001b[36m</div>\u001b[39m\n    \u001b[36m<div\u001b[39m\n      \u001b[33mclass\u001b[39m=\u001b[32m\"fixed top-4 left-1/2 -translate-x-1/2 z-[60] flex flex-col gap-2 w-full max-w-sm px-4 pointer-events-none\"\u001b[39m\n    \u001b[36m/>\u001b[39m\n  \u001b[36m</div>\u001b[39m\n\u001b[36m</body>\u001b[39m\n    at Object.getElementError (C:\\Users\\shiyo\\髢狗匱荳ｭAPP\\RePaper Route\\node_modules\\@testing-library\\dom\\dist\\config.js:37:19)\n    at C:\\Users\\shiyo\\髢狗匱荳ｭAPP\\RePaper Route\\node_modules\\@testing-library\\dom\\dist\\query-helpers.js:76:38\n    at C:\\Users\\shiyo\\髢狗匱荳ｭAPP\\RePaper Route\\node_modules\\@testing-library\\dom\\dist\\query-helpers.js:52:17\n    at C:\\Users\\shiyo\\髢狗匱荳ｭAPP\\RePaper Route\\node_modules\\@testing-library\\dom\\dist\\query-helpers.js:95:19\n    at C:/Users/shiyo/髢狗匱荳ｭAPP/RePaper Route/src/features/board/BoardCanvas.test.tsx:65:32\n    at file:///C:/Users/shiyo/%E9%96%8B%E7%99%BA%E4%B8%ADAPP/RePaper%20Route/node_modules/@vitest/runner/dist/index.js:145:11\n    at file:///C:/Users/shiyo/%E9%96%8B%E7%99%BA%E4%B8%ADAPP/RePaper%20Route/node_modules/@vitest/runner/dist/index.js:915:26\n    at file:///C:/Users/shiyo/%E9%96%8B%E7%99%BA%E4%B8%ADAPP/RePaper%20Route/node_modules/@vitest/runner/dist/index.js:1243:20\n    at new Promise (<anonymous>)\n    at runWithTimeout (file:///C:/Users/shiyo/%E9%96%8B%E7%99%BA%E4%B8%ADAPP/RePaper%20Route/node_modules/@vitest/runner/dist/index.js:1209:10)"],"meta":{}},{"ancestorTitles":["BoardCanvas SADA Test"],"fullName":"BoardCanvas SADA Test 隱ｭ縺ｿ蜿悶ｊ蟆ら畑繝｢繝ｼ繝会ｼ・ditMode: false・峨〒繧ゅそ繝ｫ繧ｯ繝ｪ繝・け縺ｧ繧ｵ繧､繝峨ヰ繝ｼ縺碁幕縺上％縺ｨ繧堤｢ｺ隱阪☆繧・,"status":"failed","title":"隱ｭ縺ｿ蜿悶ｊ蟆ら畑繝｢繝ｼ繝会ｼ・ditMode: false・峨〒繧ゅそ繝ｫ繧ｯ繝ｪ繝・け縺ｧ繧ｵ繧､繝峨ヰ繝ｼ縺碁幕縺上％縺ｨ繧堤｢ｺ隱阪☆繧・,"duration":0.3765000000000782,"failureMessages":["TypeError: mockedUseBoardData.mockReturnValue is not a function\n    at C:/Users/shiyo/髢狗匱荳ｭAPP/RePaper Route/src/features/board/BoardCanvas.test.tsx:95:28\n    at processTicksAndRejections (node:internal/process/task_queues:103:5)\n    at file:///C:/Users/shiyo/%E9%96%8B%E7%99%BA%E4%B8%ADAPP/RePaper%20Route/node_modules/@vitest/runner/dist/index.js:915:20"],"meta":{}}],"startTime":1772050454222,"endTime":1772050454319.3765,"status":"failed","message":"","name":"C:/Users/shiyo/髢狗匱荳ｭAPP/RePaper Route/src/features/board/BoardCanvas.test.tsx"}]}
